<?xml version="1.0" encoding="UTF-8"?>
<!-- Generated by org.testng.reporters.JUnitXMLReporter -->
<testsuite hostname="DESKTOP-D16TEFM" ignored="0" name="Default test" tests="4" failures="0" timestamp="17 Jul 2019 09:12:36 GMT" time="100.609" errors="0">
  <testcase name="checkBannerOnLandingPage" time="3.922" classname="com.test.testcases.QAClickAcademy"/>
  <testcase name="loadlandingPage" time="14.869" classname="com.test.testcases.QAClickAcademy"/>
  <testcase name="loadloginPage" time="33.718" classname="com.test.testcases.QAClickAcademy"/>
  <testcase name="loadloginPage" time="36.353" classname="com.test.testcases.QAClickAcademy"/>
</testsuite> <!-- Default test -->
