<?xml version="1.0" encoding="UTF-8"?>
<!-- Generated by org.testng.reporters.JUnitXMLReporter -->
<testsuite hostname="DESKTOP-D16TEFM" ignored="0" name="Test" tests="4" failures="1" timestamp="18 Jul 2019 10:05:59 GMT" time="90.028" errors="0">
  <testcase name="checkBannerOnLandingPage" time="4.055" classname="com.test.testcases.testLandingPage"/>
  <testcase name="loadlandingPage" time="8.098" classname="com.test.testcases.testLandingPage">
    <failure type="java.lang.AssertionError" message="Verification of the login page expected [QaClickAcademy1] but found [QaClickAcademy]">
      <![CDATA[java.lang.AssertionError: Verification of the login page expected [QaClickAcademy1] but found [QaClickAcademy]
at com.test.testcases.testLandingPage.loadlandingPage(testLandingPage.java:36)
... Removed 30 stack frames]]>
    </failure>
  </testcase> <!-- loadlandingPage -->
  <testcase name="loadloginPage" time="19.197" classname="com.test.testcases.testLoginPage"/>
  <testcase name="loadloginPage" time="41.183" classname="com.test.testcases.testLoginPage"/>
</testsuite> <!-- Test -->
