<?xml version="1.0" encoding="UTF-8"?>
<!-- Generated by org.testng.reporters.JUnitXMLReporter -->
<testsuite hostname="DESKTOP-D16TEFM" ignored="0" name="Test" tests="4" failures="0" timestamp="18 Jul 2019 10:11:15 GMT" time="68.473" errors="0">
  <testcase name="checkBannerOnLandingPage" time="6.63" classname="com.test.testcases.testLandingPage"/>
  <testcase name="loadlandingPage" time="17.534" classname="com.test.testcases.testLandingPage"/>
  <testcase name="loadloginPage" time="16.187" classname="com.test.testcases.testLoginPage"/>
  <testcase name="loadloginPage" time="10.778" classname="com.test.testcases.testLoginPage"/>
</testsuite> <!-- Test -->
